--------------------
	Current Input - [0.4, 0.8, 1.0]
	Current weights - [-0.8179843096103399, -0.05424181754871782, 0.6594714804836013]
	Error - 0.0 : Guess: 1 Target: 1
	Final weights : [-0.8179843096103399, -0.05424181754871782, 0.6594714804836013]
--------------------
	Current Input - [0.4, 0.8, -1.0]
	Current weights - [-0.8179843096103399, -0.05424181754871782, 0.6594714804836013]
	Error - 0.0 : Guess: -1 Target: -1
	Final weights : [-0.8179843096103399, -0.05424181754871782, 0.6594714804836013]
--------------------
	Current Input - [0.045454545454545456, 0.09090909090909091, -1.0]
	Current weights - [-0.8179843096103399, -0.05424181754871782, 0.6594714804836013]
	Error - 0.0 : Guess: -1 Target: -1
	Final weights : [-0.8179843096103399, -0.05424181754871782, 0.6594714804836013]
--------------------
	Current Input - [0.03636363636363636, 0.07272727272727272, 1.0]
	Current weights - [-0.8179843096103399, -0.05424181754871782, 0.6594714804836013]
	Error - 0.0 : Guess: 1 Target: 1
	Final weights : [-0.8179843096103399, -0.05424181754871782, 0.6594714804836013]
--------------------
	Current Input - [0.4, 0.43636363636363634, -1.0]
	Current weights - [-0.8179843096103399, -0.05424181754871782, 0.6594714804836013]
	Error - 0.0 : Guess: -1 Target: -1
	Final weights : [-0.8179843096103399, -0.05424181754871782, 0.6594714804836013]
--------------------
	Current Input - [0.8571428571428571, 1.0, 0.35714285714285715]
	Current weights - [-0.8179843096103399, -0.05424181754871782, 0.6594714804836013]
	Error - -2.0 : Guess: -1 Target: 1
***** Tuning weights - [0.84, 0.98, 0.35000000000000003]
	Current Input - [0.8571428571428571, 1.0, 0.35714285714285715]
	Current weights - [0.84, 0.98, 0.35000000000000003]
	Error - 0.0 : Guess: 1 Target: 1
	Final weights : [0.84, 0.98, 0.35000000000000003]
--------------------
	Current Input - [0.9166666666666666, 1.0, -0.20833333333333334]
	Current weights - [0.84, 0.98, 0.35000000000000003]
	Error - 2.0 : Guess: 1 Target: -1
***** Tuning weights - [-0.8983333333333333, -0.98, 0.20416666666666666]
	Current Input - [0.9166666666666666, 1.0, -0.20833333333333334]
	Current weights - [-0.8983333333333333, -0.98, 0.20416666666666666]
	Error - 0.0 : Guess: -1 Target: -1
	Final weights : [-0.8983333333333333, -0.98, 0.20416666666666666]
--------------------
	Current Input - [0.7272727272727273, 0.7727272727272727, -1.0]
	Current weights - [-0.8983333333333333, -0.98, 0.20416666666666666]
	Error - 0.0 : Guess: -1 Target: -1
	Final weights : [-0.8983333333333333, -0.98, 0.20416666666666666]
--------------------
	Current Input - [0.7636363636363637, 0.07272727272727272, 1.0]
	Current weights - [-0.8983333333333333, -0.98, 0.20416666666666666]
	Error - -2.0 : Guess: -1 Target: 1
***** Tuning weights - [0.7483636363636363, 0.07127272727272727, 0.98]
	Current Input - [0.7636363636363637, 0.07272727272727272, 1.0]
	Current weights - [0.7483636363636363, 0.07127272727272727, 0.98]
	Error - 0.0 : Guess: 1 Target: 1
	Final weights : [0.7483636363636363, 0.07127272727272727, 0.98]
--------------------
	Current Input - [0.4, 0.43636363636363634, -1.0]
	Current weights - [0.7483636363636363, 0.07127272727272727, 0.98]
	Error - 0.0 : Guess: -1 Target: -1
	Final weights : [0.7483636363636363, 0.07127272727272727, 0.98]
--------------------
	Current Input - [0.4, 0.43636363636363634, 1.0]
	Current weights - [0.7483636363636363, 0.07127272727272727, 0.98]
	Error - 0.0 : Guess: 1 Target: 1
	Final weights : [0.7483636363636363, 0.07127272727272727, 0.98]
Training Done...

Tuned Weight: [0.7483636363636363, 0.07127272727272727, 0.98]
True|[202, 204, -505]|-1|-1
True|[200, 400, 550]|1|1
True|[200, 400, -440]|-1|-1
True|[20, 40, -50]|-1|-1
True|[20, 40, 50]|1|1
